<?xml version="1.0" encoding="UTF-8"?>
<!-- Generated by org.testng.reporters.JUnitXMLReporter -->
<testsuite ignored="0" hostname="L-9604" failures="2" tests="4" name="TestNG Testing" time="16.611" errors="0" timestamp="09 Mar 2019 09:04:24 GMT">
  <testcase classname="testNG.annotationExecutionTestNG" name="verifyTitle" time="0.017"/>
  <testcase classname="testNG.annotationExecutionTestNG" name="verifyURL" time="0.009">
    <failure type="java.lang.AssertionError" message="expected [https://www.facebook.com] but found [https://www.facebook.com/]">
      <![CDATA[java.lang.AssertionError: expected [https://www.facebook.com] but found [https://www.facebook.com/]
at testNG.annotationExecutionTestNG.verifyURL(annotationExecutionTestNG.java:67)
... Removed 31 stack frames]]>
    </failure>
  </testcase> <!-- verifyURL -->
  <testcase classname="testNG.adSensePingTestNG" name="verifyTitle" time="0.01"/>
  <testcase classname="testNG.adSensePingTestNG" name="verifyURL" time="0.009">
    <failure type="java.lang.AssertionError" message="expected [https://www.google.com/intl/en_in/adsense/start/] but found [https://www.google.com/intl/en_in/adsense/start/#/?modal_active=none]">
      <![CDATA[java.lang.AssertionError: expected [https://www.google.com/intl/en_in/adsense/start/] but found [https://www.google.com/intl/en_in/adsense/start/#/?modal_active=none]
at testNG.adSensePingTestNG.verifyURL(adSensePingTestNG.java:67)
... Removed 31 stack frames]]>
    </failure>
  </testcase> <!-- verifyURL -->
</testsuite> <!-- TestNG Testing -->
